0 info it worked if it ends with ok
1 verbose cli [ '/usr/bin/node', '/usr/bin/npm', 'run', 'dev' ]
2 info using npm@3.5.2
3 info using node@v8.10.0
4 verbose run-script [ 'predev', 'dev', 'postdev' ]
5 info lifecycle vue-cli@~predev: vue-cli@
6 silly lifecycle vue-cli@~predev: no script for predev, continuing
7 info lifecycle vue-cli@~dev: vue-cli@
8 verbose lifecycle vue-cli@~dev: unsafe-perm in lifecycle true
9 verbose lifecycle vue-cli@~dev: PATH: /usr/share/npm/bin/node-gyp-bin:/home/gabriel/Documents/vue-studies/classes/adv-components/node_modules/.bin:/home/gabriel/.local/share/umake/bin:/usr/local/sbin:/usr/local/bin:/usr/sbin:/usr/bin:/sbin:/bin:/usr/games:/usr/local/games:/snap/bin:/usr/lib/jvm/java-8-oracle/bin:/usr/lib/jvm/java-8-oracle/db/bin:/usr/lib/jvm/java-8-oracle/jre/bin
10 verbose lifecycle vue-cli@~dev: CWD: /home/gabriel/Documents/vue-studies/classes/adv-components
11 silly lifecycle vue-cli@~dev: Args: [ '-c',
11 silly lifecycle   'cross-env NODE_ENV=development webpack-dev-server --open --inline --hot' ]
12 info lifecycle vue-cli@~dev: Failed to exec dev script
13 verbose stack Error: vue-cli@ dev: `cross-env NODE_ENV=development webpack-dev-server --open --inline --hot`
13 verbose stack spawn ENOENT
13 verbose stack     at ChildProcess.<anonymous> (/usr/share/npm/lib/utils/spawn.js:17:16)
13 verbose stack     at emitTwo (events.js:126:13)
13 verbose stack     at ChildProcess.emit (events.js:214:7)
13 verbose stack     at maybeClose (internal/child_process.js:925:16)
13 verbose stack     at Process.ChildProcess._handle.onexit (internal/child_process.js:209:5)
14 verbose pkgid vue-cli@
15 verbose cwd /home/gabriel/Documents/vue-studies/classes/adv-components
16 error Linux 4.17.4-041704-generic
17 error argv "/usr/bin/node" "/usr/bin/npm" "run" "dev"
18 error node v8.10.0
19 error npm  v3.5.2
20 error file sh
21 error code ELIFECYCLE
22 error errno ENOENT
23 error syscall spawn
24 error vue-cli@ dev: `cross-env NODE_ENV=development webpack-dev-server --open --inline --hot`
24 error spawn ENOENT
25 error Failed at the vue-cli@ dev script 'cross-env NODE_ENV=development webpack-dev-server --open --inline --hot'.
25 error Make sure you have the latest version of node.js and npm installed.
25 error If you do, this is most likely a problem with the vue-cli package,
25 error not with npm itself.
25 error Tell the author that this fails on your system:
25 error     cross-env NODE_ENV=development webpack-dev-server --open --inline --hot
25 error You can get information on how to open an issue for this project with:
25 error     npm bugs vue-cli
25 error Or if that isn't available, you can get their info via:
25 error     npm owner ls vue-cli
25 error There is likely additional logging output above.
26 verbose exit [ 1, true ]
